<?xml version="1.0" encoding="utf-8"?><testsuites><testsuite name="pytest" errors="1" failures="0" skipped="0" tests="1" time="0.559" timestamp="2025-07-08T23:08:06.984467" hostname="tejwani-mac"><testcase classname="" name="Downloads.Fittrack.FitTrack.tests.test_frontend.test_dashboard_js" time="0.000"><error message="collection failure">ImportError while importing test module '/Users/tejwani/Downloads/Fittrack/FitTrack/tests/test_frontend/test_dashboard_js.py'.
Hint: make sure your test modules/packages have valid Python names.
Traceback:
/opt/homebrew/Cellar/python@3.10/3.10.17_1/Frameworks/Python.framework/Versions/3.10/lib/python3.10/importlib/__init__.py:126: in import_module
    return _bootstrap._gcd_import(name[level:], package, level)
tests/test_frontend/test_dashboard_js.py:3: in &lt;module&gt;
    from selenium import webdriver
E   ModuleNotFoundError: No module named 'selenium'</error></testcase></testsuite></testsuites>